<hash>
  <date type="datetime">2013-06-18T01:30:10-07:00</date>
  <guid>f4cf5bcc-c229-46b1-8514-1230bf9bd679</guid>
  <user-id type="integer">1</user-id>
  <request>{"email"=&gt;"pensivearchitect@gmail.com", "controller"=&gt;"users", "action"=&gt;"change_email", "username"=&gt;"forumadmin"}</request>
  <action>change_email</action>
  <controller>users</controller>
  <backtrace>[RAILS_ROOT]/app/controllers/users_controller.rb:262:in `change_email'
/Users/joshua/.rvm/gems/ruby-2.0.0-p195-turbo/gems/actionpack-3.2.12/lib/action_controller/metal/implicit_render.rb:4:in `send_action'
/Users/joshua/.rvm/gems/ruby-2.0.0-p195-turbo/gems/actionpack-3.2.12/lib/abstract_controller/base.rb:167:in `process_action'
/Users/joshua/.rvm/gems/ruby-2.0.0-p195-turbo/gems/actionpack-3.2.12/lib/action_controller/metal/rendering.rb:10:in `process_action'
/Users/joshua/.rvm/gems/ruby-2.0.0-p195-turbo/gems/actionpack-3.2.12/lib/abstract_controller/callbacks.rb:18:in `block in process_action'
/Users/joshua/.rvm/gems/ruby-2.0.0-p195-turbo/gems/activesupport-3.2.12/lib/active_support/callbacks.rb:524:in `_run__2895860335451048425__process_action__4164456529106162478__callbacks'
/Users/joshua/.rvm/gems/ruby-2.0.0-p195-turbo/gems/activesupport-3.2.12/lib/active_support/callbacks.rb:405:in `__run_callback'
/Users/joshua/.rvm/gems/ruby-2.0.0-p195-turbo/gems/activesupport-3.2.12/lib/active_support/callbacks.rb:385:in `_run_process_action_callbacks'
/Users/joshua/.rvm/gems/ruby-2.0.0-p195-turbo/gems/activesupport-3.2.12/lib/active_support/callbacks.rb:81:in `run_callbacks'
/Users/joshua/.rvm/gems/ruby-2.0.0-p195-turbo/gems/actionpack-3.2.12/lib/abstract_controller/callbacks.rb:17:in `process_action'
/Users/joshua/.rvm/gems/ruby-2.0.0-p195-turbo/gems/actionpack-3.2.12/lib/action_controller/metal/rescue.rb:29:in `process_action'
/Users/joshua/.rvm/gems/ruby-2.0.0-p195-turbo/gems/actionpack-3.2.12/lib/action_controller/metal/instrumentation.rb:30:in `block in process_action'
/Users/joshua/.rvm/gems/ruby-2.0.0-p195-turbo/gems/activesupport-3.2.12/lib/active_support/notifications.rb:123:in `block in instrument'
/Users/joshua/.rvm/gems/ruby-2.0.0-p195-turbo/gems/activesupport-3.2.12/lib/active_support/notifications/instrumenter.rb:20:in `instrument'
/Users/joshua/.rvm/gems/ruby-2.0.0-p195-turbo/gems/activesupport-3.2.12/lib/active_support/notifications.rb:123:in `instrument'
/Users/joshua/.rvm/gems/ruby-2.0.0-p195-turbo/gems/actionpack-3.2.12/lib/action_controller/metal/instrumentation.rb:29:in `process_action'
/Users/joshua/.rvm/gems/ruby-2.0.0-p195-turbo/gems/actionpack-3.2.12/lib/action_controller/metal/params_wrapper.rb:207:in `process_action'
/Users/joshua/.rvm/gems/ruby-2.0.0-p195-turbo/gems/activerecord-3.2.12/lib/active_record/railties/controller_runtime.rb:18:in `process_action'
/Users/joshua/.rvm/gems/ruby-2.0.0-p195-turbo/gems/actionpack-3.2.12/lib/abstract_controller/base.rb:121:in `process'
/Users/joshua/.rvm/gems/ruby-2.0.0-p195-turbo/gems/actionpack-3.2.12/lib/abstract_controller/rendering.rb:45:in `process'
/Users/joshua/.rvm/gems/ruby-2.0.0-p195-turbo/gems/rack-mini-profiler-0.1.26/Ruby/lib/mini_profiler/profiling_methods.rb:90:in `block in profile_method'
/Users/joshua/.rvm/gems/ruby-2.0.0-p195-turbo/gems/actionpack-3.2.12/lib/action_controller/metal.rb:203:in `dispatch'
/Users/joshua/.rvm/gems/ruby-2.0.0-p195-turbo/gems/actionpack-3.2.12/lib/action_controller/metal/rack_delegation.rb:14:in `dispatch'
/Users/joshua/.rvm/gems/ruby-2.0.0-p195-turbo/gems/actionpack-3.2.12/lib/action_controller/metal.rb:246:in `block in action'
/Users/joshua/.rvm/gems/ruby-2.0.0-p195-turbo/gems/actionpack-3.2.12/lib/action_dispatch/routing/route_set.rb:73:in `call'
/Users/joshua/.rvm/gems/ruby-2.0.0-p195-turbo/gems/actionpack-3.2.12/lib/action_dispatch/routing/route_set.rb:73:in `dispatch'
/Users/joshua/.rvm/gems/ruby-2.0.0-p195-turbo/gems/actionpack-3.2.12/lib/action_dispatch/routing/route_set.rb:36:in `call'
/Users/joshua/.rvm/gems/ruby-2.0.0-p195-turbo/gems/journey-1.0.4/lib/journey/router.rb:68:in `block in call'
/Users/joshua/.rvm/gems/ruby-2.0.0-p195-turbo/gems/journey-1.0.4/lib/journey/router.rb:56:in `each'
/Users/joshua/.rvm/gems/ruby-2.0.0-p195-turbo/gems/journey-1.0.4/lib/journey/router.rb:56:in `call'
/Users/joshua/.rvm/gems/ruby-2.0.0-p195-turbo/gems/actionpack-3.2.12/lib/action_dispatch/routing/route_set.rb:601:in `call'
/Users/joshua/.rvm/gems/ruby-2.0.0-p195-turbo/gems/omniauth-1.1.4/lib/omniauth/strategy.rb:184:in `call!'
/Users/joshua/.rvm/gems/ruby-2.0.0-p195-turbo/gems/omniauth-1.1.4/lib/omniauth/strategy.rb:164:in `call'
/Users/joshua/.rvm/gems/ruby-2.0.0-p195-turbo/gems/omniauth-1.1.4/lib/omniauth/strategy.rb:401:in `call_app!'
[RAILS_ROOT]/vendor/cache/omniauth-browserid-af62d667626c/lib/omniauth/strategies/browser_id.rb:19:in `other_phase'
/Users/joshua/.rvm/gems/ruby-2.0.0-p195-turbo/gems/omniauth-1.1.4/lib/omniauth/strategy.rb:183:in `call!'
/Users/joshua/.rvm/gems/ruby-2.0.0-p195-turbo/gems/omniauth-1.1.4/lib/omniauth/strategy.rb:164:in `call'
/Users/joshua/.rvm/gems/ruby-2.0.0-p195-turbo/gems/omniauth-1.1.4/lib/omniauth/strategy.rb:184:in `call!'
/Users/joshua/.rvm/gems/ruby-2.0.0-p195-turbo/gems/omniauth-1.1.4/lib/omniauth/strategy.rb:164:in `call'
/Users/joshua/.rvm/gems/ruby-2.0.0-p195-turbo/gems/omniauth-1.1.4/lib/omniauth/strategy.rb:184:in `call!'
/Users/joshua/.rvm/gems/ruby-2.0.0-p195-turbo/gems/omniauth-1.1.4/lib/omniauth/strategy.rb:164:in `call'
/Users/joshua/.rvm/gems/ruby-2.0.0-p195-turbo/gems/omniauth-1.1.4/lib/omniauth/strategy.rb:184:in `call!'
/Users/joshua/.rvm/gems/ruby-2.0.0-p195-turbo/gems/omniauth-1.1.4/lib/omniauth/strategy.rb:164:in `call'
/Users/joshua/.rvm/gems/ruby-2.0.0-p195-turbo/gems/omniauth-1.1.4/lib/omniauth/strategy.rb:184:in `call!'
/Users/joshua/.rvm/gems/ruby-2.0.0-p195-turbo/gems/omniauth-1.1.4/lib/omniauth/strategy.rb:164:in `call'
/Users/joshua/.rvm/gems/ruby-2.0.0-p195-turbo/gems/omniauth-1.1.4/lib/omniauth/strategy.rb:184:in `call!'
/Users/joshua/.rvm/gems/ruby-2.0.0-p195-turbo/gems/omniauth-1.1.4/lib/omniauth/strategy.rb:164:in `call'
/Users/joshua/.rvm/gems/ruby-2.0.0-p195-turbo/gems/omniauth-1.1.4/lib/omniauth/builder.rb:49:in `call'
[RAILS_ROOT]/vendor/cache/message_bus-9c16e7ebaafa/lib/message_bus/rack/middleware.rb:42:in `call'
/Users/joshua/.rvm/gems/ruby-2.0.0-p195-turbo/gems/actionpack-3.2.12/lib/action_dispatch/middleware/best_standards_support.rb:17:in `call'
/Users/joshua/.rvm/gems/ruby-2.0.0-p195-turbo/gems/rack-1.4.5/lib/rack/etag.rb:23:in `call'
/Users/joshua/.rvm/gems/ruby-2.0.0-p195-turbo/gems/rack-1.4.5/lib/rack/conditionalget.rb:35:in `call'
/Users/joshua/.rvm/gems/ruby-2.0.0-p195-turbo/gems/actionpack-3.2.12/lib/action_dispatch/middleware/head.rb:14:in `call'
/Users/joshua/.rvm/gems/ruby-2.0.0-p195-turbo/gems/actionpack-3.2.12/lib/action_dispatch/middleware/params_parser.rb:21:in `call'
/Users/joshua/.rvm/gems/ruby-2.0.0-p195-turbo/gems/actionpack-3.2.12/lib/action_dispatch/middleware/flash.rb:242:in `call'
/Users/joshua/.rvm/gems/ruby-2.0.0-p195-turbo/gems/rack-1.4.5/lib/rack/session/abstract/id.rb:210:in `context'
/Users/joshua/.rvm/gems/ruby-2.0.0-p195-turbo/gems/rack-1.4.5/lib/rack/session/abstract/id.rb:205:in `call'
/Users/joshua/.rvm/gems/ruby-2.0.0-p195-turbo/gems/actionpack-3.2.12/lib/action_dispatch/middleware/cookies.rb:341:in `call'
/Users/joshua/.rvm/gems/ruby-2.0.0-p195-turbo/gems/activerecord-3.2.12/lib/active_record/query_cache.rb:64:in `call'
/Users/joshua/.rvm/gems/ruby-2.0.0-p195-turbo/gems/activerecord-3.2.12/lib/active_record/connection_adapters/abstract/connection_pool.rb:479:in `call'
/Users/joshua/.rvm/gems/ruby-2.0.0-p195-turbo/gems/actionpack-3.2.12/lib/action_dispatch/middleware/callbacks.rb:28:in `block in call'
/Users/joshua/.rvm/gems/ruby-2.0.0-p195-turbo/gems/activesupport-3.2.12/lib/active_support/callbacks.rb:405:in `_run__2193545145691488009__call__1077681511820080467__callbacks'
/Users/joshua/.rvm/gems/ruby-2.0.0-p195-turbo/gems/activesupport-3.2.12/lib/active_support/callbacks.rb:405:in `__run_callback'
/Users/joshua/.rvm/gems/ruby-2.0.0-p195-turbo/gems/activesupport-3.2.12/lib/active_support/callbacks.rb:385:in `_run_call_callbacks'
/Users/joshua/.rvm/gems/ruby-2.0.0-p195-turbo/gems/activesupport-3.2.12/lib/active_support/callbacks.rb:81:in `run_callbacks'
/Users/joshua/.rvm/gems/ruby-2.0.0-p195-turbo/gems/actionpack-3.2.12/lib/action_dispatch/middleware/callbacks.rb:27:in `call'
/Users/joshua/.rvm/gems/ruby-2.0.0-p195-turbo/gems/actionpack-3.2.12/lib/action_dispatch/middleware/reloader.rb:65:in `call'
/Users/joshua/.rvm/gems/ruby-2.0.0-p195-turbo/gems/actionpack-3.2.12/lib/action_dispatch/middleware/remote_ip.rb:31:in `call'
/Users/joshua/.rvm/gems/ruby-2.0.0-p195-turbo/gems/better_errors-0.8.0/lib/better_errors/middleware.rb:84:in `protected_app_call'
/Users/joshua/.rvm/gems/ruby-2.0.0-p195-turbo/gems/better_errors-0.8.0/lib/better_errors/middleware.rb:79:in `better_errors_call'
/Users/joshua/.rvm/gems/ruby-2.0.0-p195-turbo/gems/better_errors-0.8.0/lib/better_errors/middleware.rb:56:in `call'
/Users/joshua/.rvm/gems/ruby-2.0.0-p195-turbo/gems/actionpack-3.2.12/lib/action_dispatch/middleware/debug_exceptions.rb:16:in `call'
/Users/joshua/.rvm/gems/ruby-2.0.0-p195-turbo/gems/actionpack-3.2.12/lib/action_dispatch/middleware/show_exceptions.rb:56:in `call'
/Users/joshua/.rvm/gems/ruby-2.0.0-p195-turbo/gems/railties-3.2.12/lib/rails/rack/logger.rb:32:in `call_app'
/Users/joshua/.rvm/gems/ruby-2.0.0-p195-turbo/gems/railties-3.2.12/lib/rails/rack/logger.rb:16:in `block in call'
/Users/joshua/.rvm/gems/ruby-2.0.0-p195-turbo/gems/activesupport-3.2.12/lib/active_support/tagged_logging.rb:22:in `tagged'
/Users/joshua/.rvm/gems/ruby-2.0.0-p195-turbo/gems/railties-3.2.12/lib/rails/rack/logger.rb:16:in `call'
[RAILS_ROOT]/config/initializers/quiet_logger.rb:10:in `call_with_quiet_assets'
[RAILS_ROOT]/config/initializers/silence_logger.rb:19:in `call'
/Users/joshua/.rvm/gems/ruby-2.0.0-p195-turbo/gems/actionpack-3.2.12/lib/action_dispatch/middleware/request_id.rb:22:in `call'
/Users/joshua/.rvm/gems/ruby-2.0.0-p195-turbo/gems/rack-1.4.5/lib/rack/methodoverride.rb:21:in `call'
/Users/joshua/.rvm/gems/ruby-2.0.0-p195-turbo/gems/rack-1.4.5/lib/rack/runtime.rb:17:in `call'
/Users/joshua/.rvm/gems/ruby-2.0.0-p195-turbo/gems/actionpack-3.2.12/lib/action_dispatch/middleware/static.rb:62:in `call'
[RAILS_ROOT]/lib/middleware/turbo_dev.rb:19:in `call'
/Users/joshua/.rvm/gems/ruby-2.0.0-p195-turbo/gems/rack-mini-profiler-0.1.26/Ruby/lib/mini_profiler/profiler.rb:278:in `call'
/Users/joshua/.rvm/gems/ruby-2.0.0-p195-turbo/gems/railties-3.2.12/lib/rails/engine.rb:479:in `call'
/Users/joshua/.rvm/gems/ruby-2.0.0-p195-turbo/gems/railties-3.2.12/lib/rails/application.rb:223:in `call'
/Users/joshua/.rvm/gems/ruby-2.0.0-p195-turbo/gems/railties-3.2.12/lib/rails/railtie/configurable.rb:30:in `method_missing'
/Users/joshua/.rvm/gems/ruby-2.0.0-p195-turbo/gems/rack-1.4.5/lib/rack/builder.rb:134:in `call'
/Users/joshua/.rvm/gems/ruby-2.0.0-p195-turbo/gems/rack-1.4.5/lib/rack/urlmap.rb:64:in `block in call'
/Users/joshua/.rvm/gems/ruby-2.0.0-p195-turbo/gems/rack-1.4.5/lib/rack/urlmap.rb:49:in `each'
/Users/joshua/.rvm/gems/ruby-2.0.0-p195-turbo/gems/rack-1.4.5/lib/rack/urlmap.rb:49:in `call'
/Users/joshua/.rvm/gems/ruby-2.0.0-p195-turbo/gems/rack-1.4.5/lib/rack/content_length.rb:14:in `call'
/Users/joshua/.rvm/gems/ruby-2.0.0-p195-turbo/gems/railties-3.2.12/lib/rails/rack/log_tailer.rb:17:in `call'
/Users/joshua/.rvm/gems/ruby-2.0.0-p195-turbo/gems/thin-1.5.1/lib/thin/connection.rb:81:in `block in pre_process'
/Users/joshua/.rvm/gems/ruby-2.0.0-p195-turbo/gems/thin-1.5.1/lib/thin/connection.rb:79:in `catch'
/Users/joshua/.rvm/gems/ruby-2.0.0-p195-turbo/gems/thin-1.5.1/lib/thin/connection.rb:79:in `pre_process'
/Users/joshua/.rvm/gems/ruby-2.0.0-p195-turbo/gems/thin-1.5.1/lib/thin/connection.rb:54:in `process'
/Users/joshua/.rvm/gems/ruby-2.0.0-p195-turbo/gems/thin-1.5.1/lib/thin/connection.rb:39:in `receive_data'
/Users/joshua/.rvm/gems/ruby-2.0.0-p195-turbo/gems/eventmachine-1.0.3/lib/eventmachine.rb:187:in `run_machine'
/Users/joshua/.rvm/gems/ruby-2.0.0-p195-turbo/gems/eventmachine-1.0.3/lib/eventmachine.rb:187:in `run'
/Users/joshua/.rvm/gems/ruby-2.0.0-p195-turbo/gems/thin-1.5.1/lib/thin/backends/base.rb:63:in `start'
/Users/joshua/.rvm/gems/ruby-2.0.0-p195-turbo/gems/thin-1.5.1/lib/thin/server.rb:159:in `start'
/Users/joshua/.rvm/gems/ruby-2.0.0-p195-turbo/gems/rack-1.4.5/lib/rack/handler/thin.rb:13:in `run'
/Users/joshua/.rvm/gems/ruby-2.0.0-p195-turbo/gems/rack-1.4.5/lib/rack/server.rb:268:in `start'
/Users/joshua/.rvm/gems/ruby-2.0.0-p195-turbo/gems/railties-3.2.12/lib/rails/commands/server.rb:70:in `start'
/Users/joshua/.rvm/gems/ruby-2.0.0-p195-turbo/gems/railties-3.2.12/lib/rails/commands.rb:55:in `block in &lt;top (required)&gt;'
/Users/joshua/.rvm/gems/ruby-2.0.0-p195-turbo/gems/railties-3.2.12/lib/rails/commands.rb:50:in `tap'
/Users/joshua/.rvm/gems/ruby-2.0.0-p195-turbo/gems/railties-3.2.12/lib/rails/commands.rb:50:in `&lt;top (required)&gt;'
script/rails:6:in `require'
script/rails:6:in `&lt;main&gt;'</backtrace>
  <message>email</message>
  <url>http://0.0.0.0:3000/users/forumadmin/preferences/email</url>
  <exception-class>Discourse::InvalidParameters</exception-class>
</hash>
<hash>
  <date type="datetime">2013-06-18T01:30:10-07:00</date>
  <guid>7a34a482-0b6c-4259-8096-6c304db2b1af</guid>
  <user-id type="integer">1</user-id>
  <request>{"email"=&gt;"pensivearchitect@gmail.com", "controller"=&gt;"users", "action"=&gt;"change_email", "username"=&gt;"forumadmin"}</request>
  <action>change_email</action>
  <controller>users</controller>
  <backtrace>[RAILS_ROOT]/app/controllers/users_controller.rb:262:in `change_email'
/Users/joshua/.rvm/gems/ruby-2.0.0-p195-turbo/gems/actionpack-3.2.12/lib/action_controller/metal/implicit_render.rb:4:in `send_action'
/Users/joshua/.rvm/gems/ruby-2.0.0-p195-turbo/gems/actionpack-3.2.12/lib/abstract_controller/base.rb:167:in `process_action'
/Users/joshua/.rvm/gems/ruby-2.0.0-p195-turbo/gems/actionpack-3.2.12/lib/action_controller/metal/rendering.rb:10:in `process_action'
/Users/joshua/.rvm/gems/ruby-2.0.0-p195-turbo/gems/actionpack-3.2.12/lib/abstract_controller/callbacks.rb:18:in `block in process_action'
/Users/joshua/.rvm/gems/ruby-2.0.0-p195-turbo/gems/activesupport-3.2.12/lib/active_support/callbacks.rb:524:in `_run__2895860335451048425__process_action__4164456529106162478__callbacks'
/Users/joshua/.rvm/gems/ruby-2.0.0-p195-turbo/gems/activesupport-3.2.12/lib/active_support/callbacks.rb:405:in `__run_callback'
/Users/joshua/.rvm/gems/ruby-2.0.0-p195-turbo/gems/activesupport-3.2.12/lib/active_support/callbacks.rb:385:in `_run_process_action_callbacks'
/Users/joshua/.rvm/gems/ruby-2.0.0-p195-turbo/gems/activesupport-3.2.12/lib/active_support/callbacks.rb:81:in `run_callbacks'
/Users/joshua/.rvm/gems/ruby-2.0.0-p195-turbo/gems/actionpack-3.2.12/lib/abstract_controller/callbacks.rb:17:in `process_action'
/Users/joshua/.rvm/gems/ruby-2.0.0-p195-turbo/gems/actionpack-3.2.12/lib/action_controller/metal/rescue.rb:29:in `process_action'
/Users/joshua/.rvm/gems/ruby-2.0.0-p195-turbo/gems/actionpack-3.2.12/lib/action_controller/metal/instrumentation.rb:30:in `block in process_action'
/Users/joshua/.rvm/gems/ruby-2.0.0-p195-turbo/gems/activesupport-3.2.12/lib/active_support/notifications.rb:123:in `block in instrument'
/Users/joshua/.rvm/gems/ruby-2.0.0-p195-turbo/gems/activesupport-3.2.12/lib/active_support/notifications/instrumenter.rb:20:in `instrument'
/Users/joshua/.rvm/gems/ruby-2.0.0-p195-turbo/gems/activesupport-3.2.12/lib/active_support/notifications.rb:123:in `instrument'
/Users/joshua/.rvm/gems/ruby-2.0.0-p195-turbo/gems/actionpack-3.2.12/lib/action_controller/metal/instrumentation.rb:29:in `process_action'
/Users/joshua/.rvm/gems/ruby-2.0.0-p195-turbo/gems/actionpack-3.2.12/lib/action_controller/metal/params_wrapper.rb:207:in `process_action'
/Users/joshua/.rvm/gems/ruby-2.0.0-p195-turbo/gems/activerecord-3.2.12/lib/active_record/railties/controller_runtime.rb:18:in `process_action'
/Users/joshua/.rvm/gems/ruby-2.0.0-p195-turbo/gems/actionpack-3.2.12/lib/abstract_controller/base.rb:121:in `process'
/Users/joshua/.rvm/gems/ruby-2.0.0-p195-turbo/gems/actionpack-3.2.12/lib/abstract_controller/rendering.rb:45:in `process'
/Users/joshua/.rvm/gems/ruby-2.0.0-p195-turbo/gems/rack-mini-profiler-0.1.26/Ruby/lib/mini_profiler/profiling_methods.rb:90:in `block in profile_method'
/Users/joshua/.rvm/gems/ruby-2.0.0-p195-turbo/gems/actionpack-3.2.12/lib/action_controller/metal.rb:203:in `dispatch'
/Users/joshua/.rvm/gems/ruby-2.0.0-p195-turbo/gems/actionpack-3.2.12/lib/action_controller/metal/rack_delegation.rb:14:in `dispatch'
/Users/joshua/.rvm/gems/ruby-2.0.0-p195-turbo/gems/actionpack-3.2.12/lib/action_controller/metal.rb:246:in `block in action'
/Users/joshua/.rvm/gems/ruby-2.0.0-p195-turbo/gems/actionpack-3.2.12/lib/action_dispatch/routing/route_set.rb:73:in `call'
/Users/joshua/.rvm/gems/ruby-2.0.0-p195-turbo/gems/actionpack-3.2.12/lib/action_dispatch/routing/route_set.rb:73:in `dispatch'
/Users/joshua/.rvm/gems/ruby-2.0.0-p195-turbo/gems/actionpack-3.2.12/lib/action_dispatch/routing/route_set.rb:36:in `call'
/Users/joshua/.rvm/gems/ruby-2.0.0-p195-turbo/gems/journey-1.0.4/lib/journey/router.rb:68:in `block in call'
/Users/joshua/.rvm/gems/ruby-2.0.0-p195-turbo/gems/journey-1.0.4/lib/journey/router.rb:56:in `each'
/Users/joshua/.rvm/gems/ruby-2.0.0-p195-turbo/gems/journey-1.0.4/lib/journey/router.rb:56:in `call'
/Users/joshua/.rvm/gems/ruby-2.0.0-p195-turbo/gems/actionpack-3.2.12/lib/action_dispatch/routing/route_set.rb:601:in `call'
/Users/joshua/.rvm/gems/ruby-2.0.0-p195-turbo/gems/omniauth-1.1.4/lib/omniauth/strategy.rb:184:in `call!'
/Users/joshua/.rvm/gems/ruby-2.0.0-p195-turbo/gems/omniauth-1.1.4/lib/omniauth/strategy.rb:164:in `call'
/Users/joshua/.rvm/gems/ruby-2.0.0-p195-turbo/gems/omniauth-1.1.4/lib/omniauth/strategy.rb:401:in `call_app!'
[RAILS_ROOT]/vendor/cache/omniauth-browserid-af62d667626c/lib/omniauth/strategies/browser_id.rb:19:in `other_phase'
/Users/joshua/.rvm/gems/ruby-2.0.0-p195-turbo/gems/omniauth-1.1.4/lib/omniauth/strategy.rb:183:in `call!'
/Users/joshua/.rvm/gems/ruby-2.0.0-p195-turbo/gems/omniauth-1.1.4/lib/omniauth/strategy.rb:164:in `call'
/Users/joshua/.rvm/gems/ruby-2.0.0-p195-turbo/gems/omniauth-1.1.4/lib/omniauth/strategy.rb:184:in `call!'
/Users/joshua/.rvm/gems/ruby-2.0.0-p195-turbo/gems/omniauth-1.1.4/lib/omniauth/strategy.rb:164:in `call'
/Users/joshua/.rvm/gems/ruby-2.0.0-p195-turbo/gems/omniauth-1.1.4/lib/omniauth/strategy.rb:184:in `call!'
/Users/joshua/.rvm/gems/ruby-2.0.0-p195-turbo/gems/omniauth-1.1.4/lib/omniauth/strategy.rb:164:in `call'
/Users/joshua/.rvm/gems/ruby-2.0.0-p195-turbo/gems/omniauth-1.1.4/lib/omniauth/strategy.rb:184:in `call!'
/Users/joshua/.rvm/gems/ruby-2.0.0-p195-turbo/gems/omniauth-1.1.4/lib/omniauth/strategy.rb:164:in `call'
/Users/joshua/.rvm/gems/ruby-2.0.0-p195-turbo/gems/omniauth-1.1.4/lib/omniauth/strategy.rb:184:in `call!'
/Users/joshua/.rvm/gems/ruby-2.0.0-p195-turbo/gems/omniauth-1.1.4/lib/omniauth/strategy.rb:164:in `call'
/Users/joshua/.rvm/gems/ruby-2.0.0-p195-turbo/gems/omniauth-1.1.4/lib/omniauth/strategy.rb:184:in `call!'
/Users/joshua/.rvm/gems/ruby-2.0.0-p195-turbo/gems/omniauth-1.1.4/lib/omniauth/strategy.rb:164:in `call'
/Users/joshua/.rvm/gems/ruby-2.0.0-p195-turbo/gems/omniauth-1.1.4/lib/omniauth/builder.rb:49:in `call'
[RAILS_ROOT]/vendor/cache/message_bus-9c16e7ebaafa/lib/message_bus/rack/middleware.rb:42:in `call'
/Users/joshua/.rvm/gems/ruby-2.0.0-p195-turbo/gems/actionpack-3.2.12/lib/action_dispatch/middleware/best_standards_support.rb:17:in `call'
/Users/joshua/.rvm/gems/ruby-2.0.0-p195-turbo/gems/rack-1.4.5/lib/rack/etag.rb:23:in `call'
/Users/joshua/.rvm/gems/ruby-2.0.0-p195-turbo/gems/rack-1.4.5/lib/rack/conditionalget.rb:35:in `call'
/Users/joshua/.rvm/gems/ruby-2.0.0-p195-turbo/gems/actionpack-3.2.12/lib/action_dispatch/middleware/head.rb:14:in `call'
/Users/joshua/.rvm/gems/ruby-2.0.0-p195-turbo/gems/actionpack-3.2.12/lib/action_dispatch/middleware/params_parser.rb:21:in `call'
/Users/joshua/.rvm/gems/ruby-2.0.0-p195-turbo/gems/actionpack-3.2.12/lib/action_dispatch/middleware/flash.rb:242:in `call'
/Users/joshua/.rvm/gems/ruby-2.0.0-p195-turbo/gems/rack-1.4.5/lib/rack/session/abstract/id.rb:210:in `context'
/Users/joshua/.rvm/gems/ruby-2.0.0-p195-turbo/gems/rack-1.4.5/lib/rack/session/abstract/id.rb:205:in `call'
/Users/joshua/.rvm/gems/ruby-2.0.0-p195-turbo/gems/actionpack-3.2.12/lib/action_dispatch/middleware/cookies.rb:341:in `call'
/Users/joshua/.rvm/gems/ruby-2.0.0-p195-turbo/gems/activerecord-3.2.12/lib/active_record/query_cache.rb:64:in `call'
/Users/joshua/.rvm/gems/ruby-2.0.0-p195-turbo/gems/activerecord-3.2.12/lib/active_record/connection_adapters/abstract/connection_pool.rb:479:in `call'
/Users/joshua/.rvm/gems/ruby-2.0.0-p195-turbo/gems/actionpack-3.2.12/lib/action_dispatch/middleware/callbacks.rb:28:in `block in call'
/Users/joshua/.rvm/gems/ruby-2.0.0-p195-turbo/gems/activesupport-3.2.12/lib/active_support/callbacks.rb:405:in `_run__2193545145691488009__call__1077681511820080467__callbacks'
/Users/joshua/.rvm/gems/ruby-2.0.0-p195-turbo/gems/activesupport-3.2.12/lib/active_support/callbacks.rb:405:in `__run_callback'
/Users/joshua/.rvm/gems/ruby-2.0.0-p195-turbo/gems/activesupport-3.2.12/lib/active_support/callbacks.rb:385:in `_run_call_callbacks'
/Users/joshua/.rvm/gems/ruby-2.0.0-p195-turbo/gems/activesupport-3.2.12/lib/active_support/callbacks.rb:81:in `run_callbacks'
/Users/joshua/.rvm/gems/ruby-2.0.0-p195-turbo/gems/actionpack-3.2.12/lib/action_dispatch/middleware/callbacks.rb:27:in `call'
/Users/joshua/.rvm/gems/ruby-2.0.0-p195-turbo/gems/actionpack-3.2.12/lib/action_dispatch/middleware/reloader.rb:65:in `call'
/Users/joshua/.rvm/gems/ruby-2.0.0-p195-turbo/gems/actionpack-3.2.12/lib/action_dispatch/middleware/remote_ip.rb:31:in `call'
/Users/joshua/.rvm/gems/ruby-2.0.0-p195-turbo/gems/better_errors-0.8.0/lib/better_errors/middleware.rb:84:in `protected_app_call'
/Users/joshua/.rvm/gems/ruby-2.0.0-p195-turbo/gems/better_errors-0.8.0/lib/better_errors/middleware.rb:79:in `better_errors_call'
/Users/joshua/.rvm/gems/ruby-2.0.0-p195-turbo/gems/better_errors-0.8.0/lib/better_errors/middleware.rb:56:in `call'
/Users/joshua/.rvm/gems/ruby-2.0.0-p195-turbo/gems/actionpack-3.2.12/lib/action_dispatch/middleware/debug_exceptions.rb:16:in `call'
/Users/joshua/.rvm/gems/ruby-2.0.0-p195-turbo/gems/actionpack-3.2.12/lib/action_dispatch/middleware/show_exceptions.rb:56:in `call'
/Users/joshua/.rvm/gems/ruby-2.0.0-p195-turbo/gems/railties-3.2.12/lib/rails/rack/logger.rb:32:in `call_app'
/Users/joshua/.rvm/gems/ruby-2.0.0-p195-turbo/gems/railties-3.2.12/lib/rails/rack/logger.rb:16:in `block in call'
/Users/joshua/.rvm/gems/ruby-2.0.0-p195-turbo/gems/activesupport-3.2.12/lib/active_support/tagged_logging.rb:22:in `tagged'
/Users/joshua/.rvm/gems/ruby-2.0.0-p195-turbo/gems/railties-3.2.12/lib/rails/rack/logger.rb:16:in `call'
[RAILS_ROOT]/config/initializers/quiet_logger.rb:10:in `call_with_quiet_assets'
[RAILS_ROOT]/config/initializers/silence_logger.rb:19:in `call'
/Users/joshua/.rvm/gems/ruby-2.0.0-p195-turbo/gems/actionpack-3.2.12/lib/action_dispatch/middleware/request_id.rb:22:in `call'
/Users/joshua/.rvm/gems/ruby-2.0.0-p195-turbo/gems/rack-1.4.5/lib/rack/methodoverride.rb:21:in `call'
/Users/joshua/.rvm/gems/ruby-2.0.0-p195-turbo/gems/rack-1.4.5/lib/rack/runtime.rb:17:in `call'
/Users/joshua/.rvm/gems/ruby-2.0.0-p195-turbo/gems/actionpack-3.2.12/lib/action_dispatch/middleware/static.rb:62:in `call'
[RAILS_ROOT]/lib/middleware/turbo_dev.rb:19:in `call'
/Users/joshua/.rvm/gems/ruby-2.0.0-p195-turbo/gems/rack-mini-profiler-0.1.26/Ruby/lib/mini_profiler/profiler.rb:278:in `call'
/Users/joshua/.rvm/gems/ruby-2.0.0-p195-turbo/gems/railties-3.2.12/lib/rails/engine.rb:479:in `call'
/Users/joshua/.rvm/gems/ruby-2.0.0-p195-turbo/gems/railties-3.2.12/lib/rails/application.rb:223:in `call'
/Users/joshua/.rvm/gems/ruby-2.0.0-p195-turbo/gems/railties-3.2.12/lib/rails/railtie/configurable.rb:30:in `method_missing'
/Users/joshua/.rvm/gems/ruby-2.0.0-p195-turbo/gems/rack-1.4.5/lib/rack/builder.rb:134:in `call'
/Users/joshua/.rvm/gems/ruby-2.0.0-p195-turbo/gems/rack-1.4.5/lib/rack/urlmap.rb:64:in `block in call'
/Users/joshua/.rvm/gems/ruby-2.0.0-p195-turbo/gems/rack-1.4.5/lib/rack/urlmap.rb:49:in `each'
/Users/joshua/.rvm/gems/ruby-2.0.0-p195-turbo/gems/rack-1.4.5/lib/rack/urlmap.rb:49:in `call'
/Users/joshua/.rvm/gems/ruby-2.0.0-p195-turbo/gems/rack-1.4.5/lib/rack/content_length.rb:14:in `call'
/Users/joshua/.rvm/gems/ruby-2.0.0-p195-turbo/gems/railties-3.2.12/lib/rails/rack/log_tailer.rb:17:in `call'
/Users/joshua/.rvm/gems/ruby-2.0.0-p195-turbo/gems/thin-1.5.1/lib/thin/connection.rb:81:in `block in pre_process'
/Users/joshua/.rvm/gems/ruby-2.0.0-p195-turbo/gems/thin-1.5.1/lib/thin/connection.rb:79:in `catch'
/Users/joshua/.rvm/gems/ruby-2.0.0-p195-turbo/gems/thin-1.5.1/lib/thin/connection.rb:79:in `pre_process'
/Users/joshua/.rvm/gems/ruby-2.0.0-p195-turbo/gems/thin-1.5.1/lib/thin/connection.rb:54:in `process'
/Users/joshua/.rvm/gems/ruby-2.0.0-p195-turbo/gems/thin-1.5.1/lib/thin/connection.rb:39:in `receive_data'
/Users/joshua/.rvm/gems/ruby-2.0.0-p195-turbo/gems/eventmachine-1.0.3/lib/eventmachine.rb:187:in `run_machine'
/Users/joshua/.rvm/gems/ruby-2.0.0-p195-turbo/gems/eventmachine-1.0.3/lib/eventmachine.rb:187:in `run'
/Users/joshua/.rvm/gems/ruby-2.0.0-p195-turbo/gems/thin-1.5.1/lib/thin/backends/base.rb:63:in `start'
/Users/joshua/.rvm/gems/ruby-2.0.0-p195-turbo/gems/thin-1.5.1/lib/thin/server.rb:159:in `start'
/Users/joshua/.rvm/gems/ruby-2.0.0-p195-turbo/gems/rack-1.4.5/lib/rack/handler/thin.rb:13:in `run'
/Users/joshua/.rvm/gems/ruby-2.0.0-p195-turbo/gems/rack-1.4.5/lib/rack/server.rb:268:in `start'
/Users/joshua/.rvm/gems/ruby-2.0.0-p195-turbo/gems/railties-3.2.12/lib/rails/commands/server.rb:70:in `start'
/Users/joshua/.rvm/gems/ruby-2.0.0-p195-turbo/gems/railties-3.2.12/lib/rails/commands.rb:55:in `block in &lt;top (required)&gt;'
/Users/joshua/.rvm/gems/ruby-2.0.0-p195-turbo/gems/railties-3.2.12/lib/rails/commands.rb:50:in `tap'
/Users/joshua/.rvm/gems/ruby-2.0.0-p195-turbo/gems/railties-3.2.12/lib/rails/commands.rb:50:in `&lt;top (required)&gt;'
script/rails:6:in `require'
script/rails:6:in `&lt;main&gt;'</backtrace>
  <message>email</message>
  <url>http://0.0.0.0:3000/users/forumadmin/preferences/email</url>
  <exception-class>Discourse::InvalidParameters</exception-class>
</hash>
